# JRE version: Java(TM) SE Runtime Environment (8.0_231-b11) (build 1.8.0_231-b11)
# Java VM: Java HotSpot(TM) 64-Bit Server VM (25.231-b11 mixed mode windows-amd64 compressed oops)
Heap:
 PSYoungGen      total 37888K, used 24624K [0x00000000ebd80000, 0x00000000ee880000, 0x0000000100000000)
  eden space 31744K, 64% used [0x00000000ebd80000,0x00000000ed16bf48,0x00000000edc80000)
  from space 6144K, 68% used [0x00000000ee280000,0x00000000ee6a02b0,0x00000000ee880000)
  to   space 6144K, 0% used [0x00000000edc80000,0x00000000edc80000,0x00000000ee280000)
 ParOldGen       total 42496K, used 6796K [0x00000000c3800000, 0x00000000c6180000, 0x00000000ebd80000)
  object space 42496K, 15% used [0x00000000c3800000,0x00000000c3ea3380,0x00000000c6180000)
 Metaspace       used 15221K, capacity 15476K, committed 15872K, reserved 1062912K
  class space    used 1869K, capacity 1946K, committed 2048K, reserved 1048576K
GC Heap History (10 events):
Event: 2.138 GC heap before
{Heap before GC invocations=2 (full 0):
 PSYoungGen      total 18432K, used 18431K [0x00000000ebd80000, 0x00000000ed200000, 0x0000000100000000)
  eden space 15872K, 100% used [0x00000000ebd80000,0x00000000ecd00000,0x00000000ecd00000)
  from space 2560K, 99% used [0x00000000ecd00000,0x00000000ecf7fe50,0x00000000ecf80000)
  to   space 2560K, 0% used [0x00000000ecf80000,0x00000000ecf80000,0x00000000ed200000)
 ParOldGen       total 42496K, used 497K [0x00000000c3800000, 0x00000000c6180000, 0x00000000ebd80000)
  object space 42496K, 1% used [0x00000000c3800000,0x00000000c387c7d8,0x00000000c6180000)
 Metaspace       used 7599K, capacity 7772K, committed 7936K, reserved 1056768K
  class space    used 956K, capacity 1016K, committed 1024K, reserved 1048576K
Event: 2.144 GC heap after
Heap after GC invocations=2 (full 0):
 PSYoungGen      total 18432K, used 2544K [0x00000000ebd80000, 0x00000000ed200000, 0x0000000100000000)
  eden space 15872K, 0% used [0x00000000ebd80000,0x00000000ebd80000,0x00000000ecd00000)
  from space 2560K, 99% used [0x00000000ecf80000,0x00000000ed1fc198,0x00000000ed200000)
  to   space 2560K, 0% used [0x00000000ecd00000,0x00000000ecd00000,0x00000000ecf80000)
 ParOldGen       total 42496K, used 584K [0x00000000c3800000, 0x00000000c6180000, 0x00000000ebd80000)
  object space 42496K, 1% used [0x00000000c3800000,0x00000000c3892020,0x00000000c6180000)
 Metaspace       used 7599K, capacity 7772K, committed 7936K, reserved 1056768K
  class space    used 956K, capacity 1016K, committed 1024K, reserved 1048576K
}
Event: 2.672 GC heap before
{Heap before GC invocations=3 (full 0):
 PSYoungGen      total 18432K, used 18416K [0x00000000ebd80000, 0x00000000ed200000, 0x0000000100000000)
  eden space 15872K, 100% used [0x00000000ebd80000,0x00000000ecd00000,0x00000000ecd00000)
  from space 2560K, 99% used [0x00000000ecf80000,0x00000000ed1fc198,0x00000000ed200000)
  to   space 2560K, 0% used [0x00000000ecd00000,0x00000000ecd00000,0x00000000ecf80000)
 ParOldGen       total 42496K, used 584K [0x00000000c3800000, 0x00000000c6180000, 0x00000000ebd80000)
  object space 42496K, 1% used [0x00000000c3800000,0x00000000c3892020,0x00000000c6180000)
 Metaspace       used 9264K, capacity 9460K, committed 9728K, reserved 1058816K
  class space    used 1149K, capacity 1213K, committed 1280K, reserved 1048576K
Event: 2.680 GC heap after
Heap after GC invocations=3 (full 0):
 PSYoungGen      total 18432K, used 2543K [0x00000000ebd80000, 0x00000000ed200000, 0x0000000100000000)
  eden space 15872K, 0% used [0x00000000ebd80000,0x00000000ebd80000,0x00000000ecd00000)
  from space 2560K, 99% used [0x00000000ecd00000,0x00000000ecf7bee8,0x00000000ecf80000)
  to   space 2560K, 0% used [0x00000000ecf80000,0x00000000ecf80000,0x00000000ed200000)
 ParOldGen       total 42496K, used 2164K [0x00000000c3800000, 0x00000000c6180000, 0x00000000ebd80000)
  object space 42496K, 5% used [0x00000000c3800000,0x00000000c3a1d378,0x00000000c6180000)
 Metaspace       used 9264K, capacity 9460K, committed 9728K, reserved 1058816K
  class space    used 1149K, capacity 1213K, committed 1280K, reserved 1048576K
}
Event: 3.146 GC heap before
{Heap before GC invocations=4 (full 0):
 PSYoungGen      total 18432K, used 18415K [0x00000000ebd80000, 0x00000000ed200000, 0x0000000100000000)
  eden space 15872K, 100% used [0x00000000ebd80000,0x00000000ecd00000,0x00000000ecd00000)
  from space 2560K, 99% used [0x00000000ecd00000,0x00000000ecf7bee8,0x00000000ecf80000)
  to   space 2560K, 0% used [0x00000000ecf80000,0x00000000ecf80000,0x00000000ed200000)
 ParOldGen       total 42496K, used 2164K [0x00000000c3800000, 0x00000000c6180000, 0x00000000ebd80000)
  object space 42496K, 5% used [0x00000000c3800000,0x00000000c3a1d378,0x00000000c6180000)
 Metaspace       used 11321K, capacity 11496K, committed 11776K, reserved 1058816K
  class space    used 1428K, capacity 1508K, committed 1536K, reserved 1048576K
Event: 3.153 GC heap after
Heap after GC invocations=4 (full 0):
 PSYoungGen      total 18432K, used 2531K [0x00000000ebd80000, 0x00000000ee180000, 0x0000000100000000)
  eden space 15872K, 0% used [0x00000000ebd80000,0x00000000ebd80000,0x00000000ecd00000)
  from space 2560K, 98% used [0x00000000ecf80000,0x00000000ed1f8d28,0x00000000ed200000)
  to   space 2560K, 0% used [0x00000000ecd00000,0x00000000ecd00000,0x00000000ecf80000)
 ParOldGen       total 42496K, used 4422K [0x00000000c3800000, 0x00000000c6180000, 0x00000000ebd80000)
  object space 42496K, 10% used [0x00000000c3800000,0x00000000c3c519d8,0x00000000c6180000)
 Metaspace       used 11321K, capacity 11496K, committed 11776K, reserved 1058816K
  class space    used 1428K, capacity 1508K, committed 1536K, reserved 1048576K
}
Event: 3.865 GC heap before
{Heap before GC invocations=5 (full 0):
 PSYoungGen      total 18432K, used 18403K [0x00000000ebd80000, 0x00000000ee180000, 0x0000000100000000)
  eden space 15872K, 100% used [0x00000000ebd80000,0x00000000ecd00000,0x00000000ecd00000)
  from space 2560K, 98% used [0x00000000ecf80000,0x00000000ed1f8d28,0x00000000ed200000)
  to   space 2560K, 0% used [0x00000000ecd00000,0x00000000ecd00000,0x00000000ecf80000)
 ParOldGen       total 42496K, used 4422K [0x00000000c3800000, 0x00000000c6180000, 0x00000000ebd80000)
  object space 42496K, 10% used [0x00000000c3800000,0x00000000c3c519d8,0x00000000c6180000)
 Metaspace       used 13657K, capacity 13796K, committed 14080K, reserved 1060864K
  class space    used 1697K, capacity 1774K, committed 1792K, reserved 1048576K
Event: 3.978 GC heap after
Heap after GC invocations=5 (full 0):
 PSYoungGen      total 18432K, used 2544K [0x00000000ebd80000, 0x00000000ee880000, 0x0000000100000000)
  eden space 15872K, 0% used [0x00000000ebd80000,0x00000000ebd80000,0x00000000ecd00000)
  from space 2560K, 99% used [0x00000000ecd00000,0x00000000ecf7c010,0x00000000ecf80000)
  to   space 6144K, 0% used [0x00000000ee280000,0x00000000ee280000,0x00000000ee880000)
 ParOldGen       total 42496K, used 6788K [0x00000000c3800000, 0x00000000c6180000, 0x00000000ebd80000)
  object space 42496K, 15% used [0x00000000c3800000,0x00000000c3ea1380,0x00000000c6180000)
 Metaspace       used 13657K, capacity 13796K, committed 14080K, reserved 1060864K
  class space    used 1697K, capacity 1774K, committed 1792K, reserved 1048576K
}
Event: 5.219 GC heap before
{Heap before GC invocations=6 (full 0):
 PSYoungGen      total 18432K, used 18416K [0x00000000ebd80000, 0x00000000ee880000, 0x0000000100000000)
  eden space 15872K, 100% used [0x00000000ebd80000,0x00000000ecd00000,0x00000000ecd00000)
  from space 2560K, 99% used [0x00000000ecd00000,0x00000000ecf7c010,0x00000000ecf80000)
  to   space 6144K, 0% used [0x00000000ee280000,0x00000000ee280000,0x00000000ee880000)
 ParOldGen       total 42496K, used 6788K [0x00000000c3800000, 0x00000000c6180000, 0x00000000ebd80000)
  object space 42496K, 15% used [0x00000000c3800000,0x00000000c3ea1380,0x00000000c6180000)
 Metaspace       used 14563K, capacity 14748K, committed 14976K, reserved 1062912K
  class space    used 1790K, capacity 1874K, committed 1920K, reserved 1048576K
Event: 5.230 GC heap after
Heap after GC invocations=6 (full 0):
 PSYoungGen      total 37888K, used 4224K [0x00000000ebd80000, 0x00000000ee880000, 0x0000000100000000)
  eden space 31744K, 0% used [0x00000000ebd80000,0x00000000ebd80000,0x00000000edc80000)
  from space 6144K, 68% used [0x00000000ee280000,0x00000000ee6a02b0,0x00000000ee880000)
  to   space 6144K, 0% used [0x00000000edc80000,0x00000000edc80000,0x00000000ee280000)
 ParOldGen       total 42496K, used 6796K [0x00000000c3800000, 0x00000000c6180000, 0x00000000ebd80000)
  object space 42496K, 15% used [0x00000000c3800000,0x00000000c3ea3380,0x00000000c6180000)
 Metaspace       used 14563K, capacity 14748K, committed 14976K, reserved 1062912K
  class space    used 1790K, capacity 1874K, committed 1920K, reserved 1048576K
}

